<!DOCTYPE html PUBLIC "-//W3C//DTD XHTML 1.1//EN" "http://www.w3.org/TR/xhtml11/DTD/xhtml11.dtd">
<html xmlns="http://www.w3.org/1999/xhtml"><head><title>TestNG Report</title><style type="text/css">table {margin-bottom:10px;border-collapse:collapse;empty-cells:show}th,td {border:1px solid #009;padding:.25em .5em}th {vertical-align:bottom}td {vertical-align:top}table a {font-weight:bold}.stripe td {background-color: #E6EBF9}.num {text-align:right}.passedodd td {background-color: #3F3}.passedeven td {background-color: #0A0}.skippedodd td {background-color: #DDD}.skippedeven td {background-color: #CCC}.failedodd td,.attn {background-color: #F33}.failedeven td,.stripe .attn {background-color: #D00}.stacktrace {white-space:pre;font-family:monospace}.totop {font-size:85%;text-align:center;border-bottom:2px solid #000}</style></head><body><table><tr><th>Test</th><th># Passed</th><th># Skipped</th><th># Failed</th><th>Time (ms)</th><th>Included Groups</th><th>Excluded Groups</th></tr><tr><th colspan="7">Calculator_tests</th></tr><tr><td><a href="#t0">Sub</a></td><td class="num">4</td><td class="num">0</td><td class="num attn">2</td><td class="num">112</td><td></td><td></td></tr><tr class="stripe"><td><a href="#t1">Sum</a></td><td class="num">6</td><td class="num">0</td><td class="num">0</td><td class="num">103</td><td></td><td></td></tr><tr><td><a href="#t2">Mult</a></td><td class="num">6</td><td class="num">0</td><td class="num attn">1</td><td class="num">25</td><td></td><td></td></tr><tr class="stripe"><td><a href="#t3">Div</a></td><td class="num">6</td><td class="num">0</td><td class="num attn">1</td><td class="num">39</td><td></td><td></td></tr><tr><th>Total</th><th class="num">22</th><th class="num">0</th><th class="num attn">4</th><th class="num">279</th><th colspan="2"></th></tr></table><table><thead><tr><th>Class</th><th>Method</th><th>Start</th><th>Time (ms)</th></tr></thead><tbody><tr><th colspan="4">Calculator_tests</th></tr></tbody><tbody id="t0"><tr><th colspan="4">Sub &#8212; failed</th></tr><tr class="failedeven"><td rowspan="2">by.epam.tat.cherevach.module4.task2.calculator_testing.SubOperationTest</td><td><a href="#m0">testSubBasic</a></td><td rowspan="1">1449479694244</td><td rowspan="1">16</td></tr><tr class="failedeven"><td><a href="#m1">testSubLong</a></td><td rowspan="1">1449479694267</td><td rowspan="1">1</td></tr><tr><th colspan="4">Sub &#8212; passed</th></tr><tr class="passedeven"><td rowspan="4">by.epam.tat.cherevach.module4.task2.calculator_testing.SubOperationTest</td><td><a href="#m2">testSubLong</a></td><td rowspan="4">1449479694314</td><td rowspan="4">1</td></tr><tr class="passedeven"><td><a href="#m3">testSubLong</a></td></tr><tr class="passedeven"><td><a href="#m4">testSubLong</a></td></tr><tr class="passedeven"><td><a href="#m5">testSubLong</a></td></tr></tbody><tbody id="t1"><tr><th colspan="4">Sum &#8212; passed</th></tr><tr class="passedeven"><td rowspan="6">by.epam.tat.cherevach.module4.task2.calculator_testing.SumOperationTest</td><td><a href="#m6">testSumBasic</a></td><td rowspan="1">1449479694243</td><td rowspan="1">14</td></tr><tr class="passedeven"><td><a href="#m7">testSumLong</a></td><td rowspan="5">1449479694277</td><td rowspan="5">1</td></tr><tr class="passedeven"><td><a href="#m8">testSumLong</a></td></tr><tr class="passedeven"><td><a href="#m9">testSumLong</a></td></tr><tr class="passedeven"><td><a href="#m10">testSumLong</a></td></tr><tr class="passedeven"><td><a href="#m11">testSumLong</a></td></tr></tbody><tbody id="t2"><tr><th colspan="4">Mult &#8212; failed</th></tr><tr class="failedeven"><td rowspan="1">by.epam.tat.cherevach.module4.task2.calculator_testing.MultOperationTest</td><td><a href="#m12">testMultBasic</a></td><td rowspan="1">1449479694378</td><td rowspan="1">3</td></tr><tr><th colspan="4">Mult &#8212; passed</th></tr><tr class="passedeven"><td rowspan="6">by.epam.tat.cherevach.module4.task2.calculator_testing.MultOperationTest</td><td><a href="#m13">testMultLong</a></td><td rowspan="6">1449479694391</td><td rowspan="6">6</td></tr><tr class="passedeven"><td><a href="#m14">testMultLong</a></td></tr><tr class="passedeven"><td><a href="#m15">testMultLong</a></td></tr><tr class="passedeven"><td><a href="#m16">testMultLong</a></td></tr><tr class="passedeven"><td><a href="#m17">testMultLong</a></td></tr><tr class="passedeven"><td><a href="#m18">testMultLong</a></td></tr></tbody><tbody id="t3"><tr><th colspan="4">Div &#8212; failed</th></tr><tr class="failedeven"><td rowspan="1">by.epam.tat.cherevach.module4.task2.calculator_testing.DivOperationTest</td><td><a href="#m19">testDivLong</a></td><td rowspan="1">1449479694417</td><td rowspan="1">0</td></tr><tr><th colspan="4">Div &#8212; passed</th></tr><tr class="passedeven"><td rowspan="6">by.epam.tat.cherevach.module4.task2.calculator_testing.DivOperationTest</td><td><a href="#m20">divByZero</a></td><td rowspan="1">1449479694382</td><td rowspan="1">18</td></tr><tr class="passedeven"><td><a href="#m21">testDivBasic</a></td><td rowspan="1">1449479694403</td><td rowspan="1">5</td></tr><tr class="passedeven"><td><a href="#m22">testDivLong</a></td><td rowspan="4">1449479694419</td><td rowspan="4">0</td></tr><tr class="passedeven"><td><a href="#m23">testDivLong</a></td></tr><tr class="passedeven"><td><a href="#m24">testDivLong</a></td></tr><tr class="passedeven"><td><a href="#m25">testDivLong</a></td></tr></tbody></table><h2>Sub</h2><h3 id="m0">by.epam.tat.cherevach.module4.task2.calculator_testing.SubOperationTest#testSubBasic</h3><table class="result"><tr class="param"><th>Parameter #1</th><th>Parameter #2</th><th>Parameter #3</th></tr><tr class="param stripe"><td>5.1</td><td>1.5</td><td>3.6</td></tr><tr><th colspan="3">Exception</th></tr><tr><td colspan="3"><div class="stacktrace">java.lang.AssertionError: Invalid sub1! expected [3.6] but found [3.5999999999999996]
	at by.epam.tat.cherevach.module4.task2.calculator_testing.SubOperationTest.testSubBasic(SubOperationTest.java:30)
	at java.util.concurrent.FutureTask.run(Unknown Source)
	at java.util.concurrent.ThreadPoolExecutor.runWorker(Unknown Source)
	at java.util.concurrent.ThreadPoolExecutor$Worker.run(Unknown Source)
	at java.lang.Thread.run(Unknown Source)
... Removed 19 stack frames</div></td></tr></table><p class="totop"><a href="#summary">back to summary</a></p><h3 id="m1">by.epam.tat.cherevach.module4.task2.calculator_testing.SubOperationTest#testSubLong</h3><table class="result"><tr class="param"><th>Parameter #1</th><th>Parameter #2</th><th>Parameter #3</th></tr><tr class="param stripe"><td>90000000</td><td>9999999</td><td>81111111</td></tr><tr><th colspan="3">Exception</th></tr><tr><td colspan="3"><div class="stacktrace">java.lang.AssertionError: Invalid sub2! expected [81111111] but found [80000001]
	at by.epam.tat.cherevach.module4.task2.calculator_testing.SubOperationTest.testSubLong(SubOperationTest.java:36)
	at java.util.concurrent.FutureTask.run(Unknown Source)
	at java.util.concurrent.ThreadPoolExecutor.runWorker(Unknown Source)
	at java.util.concurrent.ThreadPoolExecutor$Worker.run(Unknown Source)
	at java.lang.Thread.run(Unknown Source)
... Removed 20 stack frames</div></td></tr></table><p class="totop"><a href="#summary">back to summary</a></p><h3 id="m2">by.epam.tat.cherevach.module4.task2.calculator_testing.SubOperationTest#testSubLong</h3><table class="result"><tr class="param"><th>Parameter #1</th><th>Parameter #2</th><th>Parameter #3</th></tr><tr class="param stripe"><td>0</td><td>0</td><td>0</td></tr></table><p class="totop"><a href="#summary">back to summary</a></p><h3 id="m3">by.epam.tat.cherevach.module4.task2.calculator_testing.SubOperationTest#testSubLong</h3><table class="result"><tr class="param"><th>Parameter #1</th><th>Parameter #2</th><th>Parameter #3</th></tr><tr class="param stripe"><td>-5</td><td>-2</td><td>-3</td></tr></table><p class="totop"><a href="#summary">back to summary</a></p><h3 id="m4">by.epam.tat.cherevach.module4.task2.calculator_testing.SubOperationTest#testSubLong</h3><table class="result"><tr class="param"><th>Parameter #1</th><th>Parameter #2</th><th>Parameter #3</th></tr><tr class="param stripe"><td>11</td><td>11</td><td>0</td></tr></table><p class="totop"><a href="#summary">back to summary</a></p><h3 id="m5">by.epam.tat.cherevach.module4.task2.calculator_testing.SubOperationTest#testSubLong</h3><table class="result"><tr class="param"><th>Parameter #1</th><th>Parameter #2</th><th>Parameter #3</th></tr><tr class="param stripe"><td>-100</td><td>100</td><td>-200</td></tr></table><p class="totop"><a href="#summary">back to summary</a></p><h2>Sum</h2><h3 id="m6">by.epam.tat.cherevach.module4.task2.calculator_testing.SumOperationTest#testSumBasic</h3><table class="result"><tr class="param"><th>Parameter #1</th><th>Parameter #2</th><th>Parameter #3</th></tr><tr class="param stripe"><td>5.1</td><td>1.5</td><td>6.6</td></tr></table><p class="totop"><a href="#summary">back to summary</a></p><h3 id="m7">by.epam.tat.cherevach.module4.task2.calculator_testing.SumOperationTest#testSumLong</h3><table class="result"><tr class="param"><th>Parameter #1</th><th>Parameter #2</th><th>Parameter #3</th></tr><tr class="param stripe"><td>90000000</td><td>9999999</td><td>99999999</td></tr></table><p class="totop"><a href="#summary">back to summary</a></p><h3 id="m8">by.epam.tat.cherevach.module4.task2.calculator_testing.SumOperationTest#testSumLong</h3><table class="result"><tr class="param"><th>Parameter #1</th><th>Parameter #2</th><th>Parameter #3</th></tr><tr class="param stripe"><td>-5</td><td>-2</td><td>-7</td></tr></table><p class="totop"><a href="#summary">back to summary</a></p><h3 id="m9">by.epam.tat.cherevach.module4.task2.calculator_testing.SumOperationTest#testSumLong</h3><table class="result"><tr class="param"><th>Parameter #1</th><th>Parameter #2</th><th>Parameter #3</th></tr><tr class="param stripe"><td>11</td><td>11</td><td>22</td></tr></table><p class="totop"><a href="#summary">back to summary</a></p><h3 id="m10">by.epam.tat.cherevach.module4.task2.calculator_testing.SumOperationTest#testSumLong</h3><table class="result"><tr class="param"><th>Parameter #1</th><th>Parameter #2</th><th>Parameter #3</th></tr><tr class="param stripe"><td>-100</td><td>100</td><td>0</td></tr></table><p class="totop"><a href="#summary">back to summary</a></p><h3 id="m11">by.epam.tat.cherevach.module4.task2.calculator_testing.SumOperationTest#testSumLong</h3><table class="result"><tr class="param"><th>Parameter #1</th><th>Parameter #2</th><th>Parameter #3</th></tr><tr class="param stripe"><td>0</td><td>0</td><td>0</td></tr></table><p class="totop"><a href="#summary">back to summary</a></p><h2>Mult</h2><h3 id="m12">by.epam.tat.cherevach.module4.task2.calculator_testing.MultOperationTest#testMultBasic</h3><table class="result"><tr class="param"><th>Parameter #1</th><th>Parameter #2</th><th>Parameter #3</th></tr><tr class="param stripe"><td>1.5</td><td>2.2</td><td>3.3</td></tr><tr><th colspan="3">Exception</th></tr><tr><td colspan="3"><div class="stacktrace">java.lang.AssertionError: Invalid mult1! expected [3.3] but found [3.0]
	at by.epam.tat.cherevach.module4.task2.calculator_testing.MultOperationTest.testMultBasic(MultOperationTest.java:30)
	at java.util.concurrent.FutureTask.run(Unknown Source)
	at java.util.concurrent.ThreadPoolExecutor.runWorker(Unknown Source)
	at java.util.concurrent.ThreadPoolExecutor$Worker.run(Unknown Source)
	at java.lang.Thread.run(Unknown Source)
... Removed 19 stack frames</div></td></tr></table><p class="totop"><a href="#summary">back to summary</a></p><h3 id="m13">by.epam.tat.cherevach.module4.task2.calculator_testing.MultOperationTest#testMultLong</h3><table class="result"><tr class="param"><th>Parameter #1</th><th>Parameter #2</th><th>Parameter #3</th></tr><tr class="param stripe"><td>-5</td><td>0</td><td>0</td></tr></table><p class="totop"><a href="#summary">back to summary</a></p><h3 id="m14">by.epam.tat.cherevach.module4.task2.calculator_testing.MultOperationTest#testMultLong</h3><table class="result"><tr class="param"><th>Parameter #1</th><th>Parameter #2</th><th>Parameter #3</th></tr><tr class="param stripe"><td>11</td><td>11</td><td>121</td></tr></table><p class="totop"><a href="#summary">back to summary</a></p><h3 id="m15">by.epam.tat.cherevach.module4.task2.calculator_testing.MultOperationTest#testMultLong</h3><table class="result"><tr class="param"><th>Parameter #1</th><th>Parameter #2</th><th>Parameter #3</th></tr><tr class="param stripe"><td>90</td><td>99</td><td>8910</td></tr></table><p class="totop"><a href="#summary">back to summary</a></p><h3 id="m16">by.epam.tat.cherevach.module4.task2.calculator_testing.MultOperationTest#testMultLong</h3><table class="result"><tr class="param"><th>Parameter #1</th><th>Parameter #2</th><th>Parameter #3</th></tr><tr class="param stripe"><td>-100</td><td>100</td><td>-10000</td></tr></table><p class="totop"><a href="#summary">back to summary</a></p><h3 id="m17">by.epam.tat.cherevach.module4.task2.calculator_testing.MultOperationTest#testMultLong</h3><table class="result"><tr class="param"><th>Parameter #1</th><th>Parameter #2</th><th>Parameter #3</th></tr><tr class="param stripe"><td>-5</td><td>-2</td><td>10</td></tr></table><p class="totop"><a href="#summary">back to summary</a></p><h3 id="m18">by.epam.tat.cherevach.module4.task2.calculator_testing.MultOperationTest#testMultLong</h3><table class="result"><tr class="param"><th>Parameter #1</th><th>Parameter #2</th><th>Parameter #3</th></tr><tr class="param stripe"><td>0</td><td>0</td><td>0</td></tr></table><p class="totop"><a href="#summary">back to summary</a></p><h2>Div</h2><h3 id="m19">by.epam.tat.cherevach.module4.task2.calculator_testing.DivOperationTest#testDivLong</h3><table class="result"><tr class="param"><th>Parameter #1</th><th>Parameter #2</th><th>Parameter #3</th></tr><tr class="param stripe"><td>-5</td><td>-2</td><td>-2.5</td></tr><tr><th colspan="3">Exception</th></tr><tr><td colspan="3"><div class="stacktrace">java.lang.IllegalArgumentException: argument type mismatch
	at java.util.concurrent.FutureTask.run(Unknown Source)
	at java.util.concurrent.ThreadPoolExecutor.runWorker(Unknown Source)
	at java.util.concurrent.ThreadPoolExecutor$Worker.run(Unknown Source)
	at java.lang.Thread.run(Unknown Source)
... Removed 16 stack frames</div></td></tr></table><p class="totop"><a href="#summary">back to summary</a></p><h3 id="m20">by.epam.tat.cherevach.module4.task2.calculator_testing.DivOperationTest#divByZero</h3><table class="result"><tr><th>Expected Exception</th></tr><tr><td><div class="stacktrace">java.lang.NumberFormatException: Attempt to divide by zero
	at com.epam.tat.module4.Calculator.div(Calculator.java:34)
	at by.epam.tat.cherevach.module4.task2.calculator_testing.DivOperationTest.divByZero(DivOperationTest.java:41)
	at java.util.concurrent.FutureTask.run(Unknown Source)
	at java.util.concurrent.ThreadPoolExecutor.runWorker(Unknown Source)
	at java.util.concurrent.ThreadPoolExecutor$Worker.run(Unknown Source)
	at java.lang.Thread.run(Unknown Source)
... Removed 16 stack frames</div></td></tr></table><p class="totop"><a href="#summary">back to summary</a></p><h3 id="m21">by.epam.tat.cherevach.module4.task2.calculator_testing.DivOperationTest#testDivBasic</h3><table class="result"><tr class="param"><th>Parameter #1</th><th>Parameter #2</th><th>Parameter #3</th></tr><tr class="param stripe"><td>2.2</td><td>1.1</td><td>2.0</td></tr></table><p class="totop"><a href="#summary">back to summary</a></p><h3 id="m22">by.epam.tat.cherevach.module4.task2.calculator_testing.DivOperationTest#testDivLong</h3><table class="result"><tr class="param"><th>Parameter #1</th><th>Parameter #2</th><th>Parameter #3</th></tr><tr class="param stripe"><td>-100</td><td>100</td><td>-1</td></tr></table><p class="totop"><a href="#summary">back to summary</a></p><h3 id="m23">by.epam.tat.cherevach.module4.task2.calculator_testing.DivOperationTest#testDivLong</h3><table class="result"><tr class="param"><th>Parameter #1</th><th>Parameter #2</th><th>Parameter #3</th></tr><tr class="param stripe"><td>0</td><td>12345</td><td>0</td></tr></table><p class="totop"><a href="#summary">back to summary</a></p><h3 id="m24">by.epam.tat.cherevach.module4.task2.calculator_testing.DivOperationTest#testDivLong</h3><table class="result"><tr class="param"><th>Parameter #1</th><th>Parameter #2</th><th>Parameter #3</th></tr><tr class="param stripe"><td>90</td><td>9</td><td>10</td></tr></table><p class="totop"><a href="#summary">back to summary</a></p><h3 id="m25">by.epam.tat.cherevach.module4.task2.calculator_testing.DivOperationTest#testDivLong</h3><table class="result"><tr class="param"><th>Parameter #1</th><th>Parameter #2</th><th>Parameter #3</th></tr><tr class="param stripe"><td>11</td><td>11</td><td>1</td></tr></table><p class="totop"><a href="#summary">back to summary</a></p></body></html>